[01m[K/home/vik/controller_ws/src/skrat-wmr-dev/fbl_control/src/setpt_gen.cpp:[m[K In function â€˜[01m[Kint main(int, char**)[m[Kâ€™:
[01m[K/home/vik/controller_ws/src/skrat-wmr-dev/fbl_control/src/setpt_gen.cpp:35:6:[m[K [01;31m[Kerror: [m[Kâ€˜[01m[Kt_tmp[m[Kâ€™ was not declared in this scope
      t_tmp = 3.14
[01;32m[K      ^[m[K
make[2]: *** [CMakeFiles/setpt_gen.dir/src/setpt_gen.cpp.o] Error 1
make[1]: *** [CMakeFiles/setpt_gen.dir/all] Error 2
make: *** [all] Error 2
