[01m[K/home/vik/controller_ws/src/skrat-wmr-dev/fbl_control/src/setpt_gen.cpp:[m[K In lambda function:
[01m[K/home/vik/controller_ws/src/skrat-wmr-dev/fbl_control/src/setpt_gen.cpp:32:52:[m[K [01;31m[Kerror: [m[Kexpected â€˜[01m[K{[m[Kâ€™ before â€˜[01m[K;[m[Kâ€™ token
     msg.setx = [x_d, y_d, theta_d, vx_d, vy_d, w_d];
[01;32m[K                                                    ^[m[K
[01m[K/home/vik/controller_ws/src/skrat-wmr-dev/fbl_control/src/setpt_gen.cpp:[m[K In function â€˜[01m[Kint main(int, char**)[m[Kâ€™:
[01m[K/home/vik/controller_ws/src/skrat-wmr-dev/fbl_control/src/setpt_gen.cpp:32:14:[m[K [01;31m[Kerror: [m[Kno match for â€˜[01m[Koperator=[m[Kâ€™ (operand types are â€˜[01m[Kfbl_control::setpt_msg_<std::allocator<void> >::_setx_type {aka boost::array<double, 6ul>}[m[Kâ€™ and â€˜[01m[Kmain(int, char**)::<lambda()>[m[Kâ€™)
     msg.setx = [x_d, y_d, theta_d, vx_d, vy_d, w_d];
[01;32m[K              ^[m[K
In file included from [01m[K/opt/ros/kinetic/include/ros/message.h:38:0[m[K,
                 from [01m[K/opt/ros/kinetic/include/ros/publisher.h:33[m[K,
                 from [01m[K/opt/ros/kinetic/include/ros/node_handle.h:32[m[K,
                 from [01m[K/opt/ros/kinetic/include/ros/ros.h:45[m[K,
                 from [01m[K/home/vik/controller_ws/src/skrat-wmr-dev/fbl_control/src/../include/setpt_gen.h:2[m[K,
                 from [01m[K/home/vik/controller_ws/src/skrat-wmr-dev/fbl_control/src/setpt_gen.cpp:1[m[K:
[01m[K/usr/include/boost/array.hpp:179:21:[m[K [01;36m[Knote: [m[Kcandidate: template<class T2> boost::array<T, N>& boost::array<T, N>::operator=(const boost::array<T2, N>&) [with T2 = T2; T = double; long unsigned int N = 6ul]
         array<T,N>& operator= (const array<T2,N>& rhs) {
[01;32m[K                     ^[m[K
[01m[K/usr/include/boost/array.hpp:179:21:[m[K [01;36m[Knote: [m[K  template argument deduction/substitution failed:
[01m[K/home/vik/controller_ws/src/skrat-wmr-dev/fbl_control/src/setpt_gen.cpp:32:14:[m[K [01;36m[Knote: [m[K  â€˜[01m[Kmain(int, char**)::<lambda()>[m[Kâ€™ is not derived from â€˜[01m[Kconst boost::array<T2, 6ul>[m[Kâ€™
     msg.setx = [x_d, y_d, theta_d, vx_d, vy_d, w_d];
[01;32m[K              ^[m[K
In file included from [01m[K/opt/ros/kinetic/include/ros/message.h:38:0[m[K,
                 from [01m[K/opt/ros/kinetic/include/ros/publisher.h:33[m[K,
                 from [01m[K/opt/ros/kinetic/include/ros/node_handle.h:32[m[K,
                 from [01m[K/opt/ros/kinetic/include/ros/ros.h:45[m[K,
                 from [01m[K/home/vik/controller_ws/src/skrat-wmr-dev/fbl_control/src/../include/setpt_gen.h:2[m[K,
                 from [01m[K/home/vik/controller_ws/src/skrat-wmr-dev/fbl_control/src/setpt_gen.cpp:1[m[K:
[01m[K/usr/include/boost/array.hpp:60:11:[m[K [01;36m[Knote: [m[Kcandidate: constexpr boost::array<double, 6ul>& boost::array<double, 6ul>::operator=(const boost::array<double, 6ul>&)
     class array {
[01;32m[K           ^[m[K
[01m[K/usr/include/boost/array.hpp:60:11:[m[K [01;36m[Knote: [m[K  no known conversion for argument 1 from â€˜[01m[Kmain(int, char**)::<lambda()>[m[Kâ€™ to â€˜[01m[Kconst boost::array<double, 6ul>&[m[Kâ€™
[01m[K/usr/include/boost/array.hpp:60:11:[m[K [01;36m[Knote: [m[Kcandidate: constexpr boost::array<double, 6ul>& boost::array<double, 6ul>::operator=(boost::array<double, 6ul>&&)
[01m[K/usr/include/boost/array.hpp:60:11:[m[K [01;36m[Knote: [m[K  no known conversion for argument 1 from â€˜[01m[Kmain(int, char**)::<lambda()>[m[Kâ€™ to â€˜[01m[Kboost::array<double, 6ul>&&[m[Kâ€™
make[2]: *** [CMakeFiles/setpt_gen.dir/src/setpt_gen.cpp.o] Error 1
make[1]: *** [CMakeFiles/setpt_gen.dir/all] Error 2
make: *** [all] Error 2
